2025-09-28 13:34:07 | ERROR    | gsb_selenium.utils.logger:log_error:87 - [main] Search failed: Message: invalid argument: cannot parse capability: goog:chromeOptions
from invalid argument: unrecognized chrome option: excludeSwitches
Stacktrace:
0   undetected_chromedriver             0x0000000102fb0908 undetected_chromedriver + 6379784
1   undetected_chromedriver             0x0000000102fa800a undetected_chromedriver + 6344714
2   undetected_chromedriver             0x0000000102a03df0 undetected_chromedriver + 429552
3   undetected_chromedriver             0x0000000102a30e4f undetected_chromedriver + 613967
4   undetected_chromedriver             0x0000000102a323e5 undetected_chromedriver + 619493
5   undetected_chromedriver             0x0000000102a2d496 undetected_chromedriver + 599190
6   undetected_chromedriver             0x0000000102a8880c undetected_chromedriver + 972812
7   undetected_chromedriver             0x0000000102a8814e undetected_chromedriver + 971086
8   undetected_chromedriver             0x0000000102a89d93 undetected_chromedriver + 978323
9   undetected_chromedriver             0x0000000102a89b46 undetected_chromedriver + 977734
10  undetected_chromedriver             0x0000000102a7bea3 undetected_chromedriver + 921251
11  undetected_chromedriver             0x0000000102a4839a undetected_chromedriver + 709530
12  undetected_chromedriver             0x0000000102a49061 undetected_chromedriver + 712801
13  undetected_chromedriver             0x0000000102f6e7b0 undetected_chromedriver + 6109104
14  undetected_chromedriver             0x0000000102f72635 undetected_chromedriver + 6125109
15  undetected_chromedriver             0x0000000102f49c67 undetected_chromedriver + 5958759
16  undetected_chromedriver             0x0000000102f730af undetected_chromedriver + 6127791
17  undetected_chromedriver             0x0000000102f38fe4 undetected_chromedriver + 5890020
18  undetected_chromedriver             0x0000000102f95258 undetected_chromedriver + 6267480
19  undetected_chromedriver             0x0000000102f9541c undetected_chromedriver + 6267932
20  undetected_chromedriver             0x0000000102fa7be1 undetected_chromedriver + 6343649
21  libsystem_pthread.dylib             0x00007ff800e4b202 _pthread_start + 99
22  libsystem_pthread.dylib             0x00007ff800e46bab thread_start + 15

2025-09-28 13:37:46 | ERROR    | gsb_selenium.utils.logger:log_error:87 - [main] Search failed: Message: session not created: cannot connect to chrome at 127.0.0.1:64897
from chrome not reachable; For documentation on this error, please visit: https://www.selenium.dev/documentation/webdriver/troubleshooting/errors#sessionnotcreatedexception
Stacktrace:
0   undetected_chromedriver             0x000000010112c908 undetected_chromedriver + 6379784
1   undetected_chromedriver             0x000000010112400a undetected_chromedriver + 6344714
2   undetected_chromedriver             0x0000000100b7fc33 undetected_chromedriver + 429107
3   undetected_chromedriver             0x0000000100b6b7c2 undetected_chromedriver + 346050
4   undetected_chromedriver             0x0000000100bbffa9 undetected_chromedriver + 692137
5   undetected_chromedriver             0x0000000100bb53ad undetected_chromedriver + 648109
6   undetected_chromedriver             0x0000000100c064b1 undetected_chromedriver + 980145
7   undetected_chromedriver             0x0000000100c05b46 undetected_chromedriver + 977734
8   undetected_chromedriver             0x0000000100bf7ea3 undetected_chromedriver + 921251
9   undetected_chromedriver             0x0000000100bc439a undetected_chromedriver + 709530
10  undetected_chromedriver             0x0000000100bc5061 undetected_chromedriver + 712801
11  undetected_chromedriver             0x00000001010ea7b0 undetected_chromedriver + 6109104
12  undetected_chromedriver             0x00000001010ee635 undetected_chromedriver + 6125109
13  undetected_chromedriver             0x00000001010c5c67 undetected_chromedriver + 5958759
14  undetected_chromedriver             0x00000001010ef0af undetected_chromedriver + 6127791
15  undetected_chromedriver             0x00000001010b4fe4 undetected_chromedriver + 5890020
16  undetected_chromedriver             0x0000000101111258 undetected_chromedriver + 6267480
17  undetected_chromedriver             0x000000010111141c undetected_chromedriver + 6267932
18  undetected_chromedriver             0x0000000101123be1 undetected_chromedriver + 6343649
19  libsystem_pthread.dylib             0x00007ff800e4b202 _pthread_start + 99
20  libsystem_pthread.dylib             0x00007ff800e46bab thread_start + 15

2025-09-28 13:40:39 | ERROR    | gsb_selenium.utils.logger:log_error:87 - [main] Search failed: Message: session not created: cannot connect to chrome at 127.0.0.1:49675
from chrome not reachable; For documentation on this error, please visit: https://www.selenium.dev/documentation/webdriver/troubleshooting/errors#sessionnotcreatedexception
Stacktrace:
0   undetected_chromedriver             0x000000010524e908 undetected_chromedriver + 6379784
1   undetected_chromedriver             0x000000010524600a undetected_chromedriver + 6344714
2   undetected_chromedriver             0x0000000104ca1c33 undetected_chromedriver + 429107
3   undetected_chromedriver             0x0000000104c8d7c2 undetected_chromedriver + 346050
4   undetected_chromedriver             0x0000000104ce1fa9 undetected_chromedriver + 692137
5   undetected_chromedriver             0x0000000104cd73ad undetected_chromedriver + 648109
6   undetected_chromedriver             0x0000000104d284b1 undetected_chromedriver + 980145
7   undetected_chromedriver             0x0000000104d27b46 undetected_chromedriver + 977734
8   undetected_chromedriver             0x0000000104d19ea3 undetected_chromedriver + 921251
9   undetected_chromedriver             0x0000000104ce639a undetected_chromedriver + 709530
10  undetected_chromedriver             0x0000000104ce7061 undetected_chromedriver + 712801
11  undetected_chromedriver             0x000000010520c7b0 undetected_chromedriver + 6109104
12  undetected_chromedriver             0x0000000105210635 undetected_chromedriver + 6125109
13  undetected_chromedriver             0x00000001051e7c67 undetected_chromedriver + 5958759
14  undetected_chromedriver             0x00000001052110af undetected_chromedriver + 6127791
15  undetected_chromedriver             0x00000001051d6fe4 undetected_chromedriver + 5890020
16  undetected_chromedriver             0x0000000105233258 undetected_chromedriver + 6267480
17  undetected_chromedriver             0x000000010523341c undetected_chromedriver + 6267932
18  undetected_chromedriver             0x0000000105245be1 undetected_chromedriver + 6343649
19  libsystem_pthread.dylib             0x00007ff800e4b202 _pthread_start + 99
20  libsystem_pthread.dylib             0x00007ff800e46bab thread_start + 15

2025-09-28 13:43:22 | ERROR    | gsb_selenium.utils.logger:log_error:87 - [main] Search failed: Message: session not created: cannot connect to chrome at 127.0.0.1:50844
from chrome not reachable; For documentation on this error, please visit: https://www.selenium.dev/documentation/webdriver/troubleshooting/errors#sessionnotcreatedexception
Stacktrace:
0   undetected_chromedriver             0x0000000102769908 undetected_chromedriver + 6379784
1   undetected_chromedriver             0x000000010276100a undetected_chromedriver + 6344714
2   undetected_chromedriver             0x00000001021bcc33 undetected_chromedriver + 429107
3   undetected_chromedriver             0x00000001021a87c2 undetected_chromedriver + 346050
4   undetected_chromedriver             0x00000001021fcfa9 undetected_chromedriver + 692137
5   undetected_chromedriver             0x00000001021f23ad undetected_chromedriver + 648109
6   undetected_chromedriver             0x00000001022434b1 undetected_chromedriver + 980145
7   undetected_chromedriver             0x0000000102242b46 undetected_chromedriver + 977734
8   undetected_chromedriver             0x0000000102234ea3 undetected_chromedriver + 921251
9   undetected_chromedriver             0x000000010220139a undetected_chromedriver + 709530
10  undetected_chromedriver             0x0000000102202061 undetected_chromedriver + 712801
11  undetected_chromedriver             0x00000001027277b0 undetected_chromedriver + 6109104
12  undetected_chromedriver             0x000000010272b635 undetected_chromedriver + 6125109
13  undetected_chromedriver             0x0000000102702c67 undetected_chromedriver + 5958759
14  undetected_chromedriver             0x000000010272c0af undetected_chromedriver + 6127791
15  undetected_chromedriver             0x00000001026f1fe4 undetected_chromedriver + 5890020
16  undetected_chromedriver             0x000000010274e258 undetected_chromedriver + 6267480
17  undetected_chromedriver             0x000000010274e41c undetected_chromedriver + 6267932
18  undetected_chromedriver             0x0000000102760be1 undetected_chromedriver + 6343649
19  libsystem_pthread.dylib             0x00007ff800e4b202 _pthread_start + 99
20  libsystem_pthread.dylib             0x00007ff800e46bab thread_start + 15

2025-09-28 14:15:21 | ERROR    | gsb_selenium.utils.logger:log_error:87 - [main] Search failed: Message: session not created: cannot connect to chrome at 127.0.0.1:56019
from chrome not reachable; For documentation on this error, please visit: https://www.selenium.dev/documentation/webdriver/troubleshooting/errors#sessionnotcreatedexception
Stacktrace:
0   undetected_chromedriver             0x0000000102819908 undetected_chromedriver + 6379784
1   undetected_chromedriver             0x000000010281100a undetected_chromedriver + 6344714
2   undetected_chromedriver             0x000000010226cc33 undetected_chromedriver + 429107
3   undetected_chromedriver             0x00000001022587c2 undetected_chromedriver + 346050
4   undetected_chromedriver             0x00000001022acfa9 undetected_chromedriver + 692137
5   undetected_chromedriver             0x00000001022a23ad undetected_chromedriver + 648109
6   undetected_chromedriver             0x00000001022f34b1 undetected_chromedriver + 980145
7   undetected_chromedriver             0x00000001022f2b46 undetected_chromedriver + 977734
8   undetected_chromedriver             0x00000001022e4ea3 undetected_chromedriver + 921251
9   undetected_chromedriver             0x00000001022b139a undetected_chromedriver + 709530
10  undetected_chromedriver             0x00000001022b2061 undetected_chromedriver + 712801
11  undetected_chromedriver             0x00000001027d77b0 undetected_chromedriver + 6109104
12  undetected_chromedriver             0x00000001027db635 undetected_chromedriver + 6125109
13  undetected_chromedriver             0x00000001027b2c67 undetected_chromedriver + 5958759
14  undetected_chromedriver             0x00000001027dc0af undetected_chromedriver + 6127791
15  undetected_chromedriver             0x00000001027a1fe4 undetected_chromedriver + 5890020
16  undetected_chromedriver             0x00000001027fe258 undetected_chromedriver + 6267480
17  undetected_chromedriver             0x00000001027fe41c undetected_chromedriver + 6267932
18  undetected_chromedriver             0x0000000102810be1 undetected_chromedriver + 6343649
19  libsystem_pthread.dylib             0x00007ff800e4b202 _pthread_start + 99
20  libsystem_pthread.dylib             0x00007ff800e46bab thread_start + 15

2025-09-28 14:16:51 | ERROR    | gsb_selenium.utils.logger:log_error:87 - [main] Search failed: Message: session not created: cannot connect to chrome at 127.0.0.1:57167
from chrome not reachable; For documentation on this error, please visit: https://www.selenium.dev/documentation/webdriver/troubleshooting/errors#sessionnotcreatedexception
Stacktrace:
0   undetected_chromedriver             0x0000000104727908 undetected_chromedriver + 6379784
1   undetected_chromedriver             0x000000010471f00a undetected_chromedriver + 6344714
2   undetected_chromedriver             0x000000010417ac33 undetected_chromedriver + 429107
3   undetected_chromedriver             0x00000001041667c2 undetected_chromedriver + 346050
4   undetected_chromedriver             0x00000001041bafa9 undetected_chromedriver + 692137
5   undetected_chromedriver             0x00000001041b03ad undetected_chromedriver + 648109
6   undetected_chromedriver             0x00000001042014b1 undetected_chromedriver + 980145
7   undetected_chromedriver             0x0000000104200b46 undetected_chromedriver + 977734
8   undetected_chromedriver             0x00000001041f2ea3 undetected_chromedriver + 921251
9   undetected_chromedriver             0x00000001041bf39a undetected_chromedriver + 709530
10  undetected_chromedriver             0x00000001041c0061 undetected_chromedriver + 712801
11  undetected_chromedriver             0x00000001046e57b0 undetected_chromedriver + 6109104
12  undetected_chromedriver             0x00000001046e9635 undetected_chromedriver + 6125109
13  undetected_chromedriver             0x00000001046c0c67 undetected_chromedriver + 5958759
14  undetected_chromedriver             0x00000001046ea0af undetected_chromedriver + 6127791
15  undetected_chromedriver             0x00000001046affe4 undetected_chromedriver + 5890020
16  undetected_chromedriver             0x000000010470c258 undetected_chromedriver + 6267480
17  undetected_chromedriver             0x000000010470c41c undetected_chromedriver + 6267932
18  undetected_chromedriver             0x000000010471ebe1 undetected_chromedriver + 6343649
19  libsystem_pthread.dylib             0x00007ff800e4b202 _pthread_start + 99
20  libsystem_pthread.dylib             0x00007ff800e46bab thread_start + 15

2025-09-28 14:41:56 | ERROR    | gsb_selenium.utils.logger:log_error:87 - [main] Search failed: Message: session not created: cannot connect to chrome at 127.0.0.1:59657
from chrome not reachable; For documentation on this error, please visit: https://www.selenium.dev/documentation/webdriver/troubleshooting/errors#sessionnotcreatedexception
Stacktrace:
0   undetected_chromedriver             0x00000001054a4908 undetected_chromedriver + 6379784
1   undetected_chromedriver             0x000000010549c00a undetected_chromedriver + 6344714
2   undetected_chromedriver             0x0000000104ef7c33 undetected_chromedriver + 429107
3   undetected_chromedriver             0x0000000104ee37c2 undetected_chromedriver + 346050
4   undetected_chromedriver             0x0000000104f37fa9 undetected_chromedriver + 692137
5   undetected_chromedriver             0x0000000104f2d3ad undetected_chromedriver + 648109
6   undetected_chromedriver             0x0000000104f7e4b1 undetected_chromedriver + 980145
7   undetected_chromedriver             0x0000000104f7db46 undetected_chromedriver + 977734
8   undetected_chromedriver             0x0000000104f6fea3 undetected_chromedriver + 921251
9   undetected_chromedriver             0x0000000104f3c39a undetected_chromedriver + 709530
10  undetected_chromedriver             0x0000000104f3d061 undetected_chromedriver + 712801
11  undetected_chromedriver             0x00000001054627b0 undetected_chromedriver + 6109104
12  undetected_chromedriver             0x0000000105466635 undetected_chromedriver + 6125109
13  undetected_chromedriver             0x000000010543dc67 undetected_chromedriver + 5958759
14  undetected_chromedriver             0x00000001054670af undetected_chromedriver + 6127791
15  undetected_chromedriver             0x000000010542cfe4 undetected_chromedriver + 5890020
16  undetected_chromedriver             0x0000000105489258 undetected_chromedriver + 6267480
17  undetected_chromedriver             0x000000010548941c undetected_chromedriver + 6267932
18  undetected_chromedriver             0x000000010549bbe1 undetected_chromedriver + 6343649
19  libsystem_pthread.dylib             0x00007ff800e4b202 _pthread_start + 99
20  libsystem_pthread.dylib             0x00007ff800e46bab thread_start + 15

2025-09-28 14:43:23 | ERROR    | gsb_selenium.utils.logger:log_error:87 - [main] Search failed: Message: session not created: cannot connect to chrome at 127.0.0.1:60803
from chrome not reachable; For documentation on this error, please visit: https://www.selenium.dev/documentation/webdriver/troubleshooting/errors#sessionnotcreatedexception
Stacktrace:
0   undetected_chromedriver             0x0000000100a84908 undetected_chromedriver + 6379784
1   undetected_chromedriver             0x0000000100a7c00a undetected_chromedriver + 6344714
2   undetected_chromedriver             0x00000001004d7c33 undetected_chromedriver + 429107
3   undetected_chromedriver             0x00000001004c37c2 undetected_chromedriver + 346050
4   undetected_chromedriver             0x0000000100517fa9 undetected_chromedriver + 692137
5   undetected_chromedriver             0x000000010050d3ad undetected_chromedriver + 648109
6   undetected_chromedriver             0x000000010055e4b1 undetected_chromedriver + 980145
7   undetected_chromedriver             0x000000010055db46 undetected_chromedriver + 977734
8   undetected_chromedriver             0x000000010054fea3 undetected_chromedriver + 921251
9   undetected_chromedriver             0x000000010051c39a undetected_chromedriver + 709530
10  undetected_chromedriver             0x000000010051d061 undetected_chromedriver + 712801
11  undetected_chromedriver             0x0000000100a427b0 undetected_chromedriver + 6109104
12  undetected_chromedriver             0x0000000100a46635 undetected_chromedriver + 6125109
13  undetected_chromedriver             0x0000000100a1dc67 undetected_chromedriver + 5958759
14  undetected_chromedriver             0x0000000100a470af undetected_chromedriver + 6127791
15  undetected_chromedriver             0x0000000100a0cfe4 undetected_chromedriver + 5890020
16  undetected_chromedriver             0x0000000100a69258 undetected_chromedriver + 6267480
17  undetected_chromedriver             0x0000000100a6941c undetected_chromedriver + 6267932
18  undetected_chromedriver             0x0000000100a7bbe1 undetected_chromedriver + 6343649
19  libsystem_pthread.dylib             0x00007ff800e4b202 _pthread_start + 99
20  libsystem_pthread.dylib             0x00007ff800e46bab thread_start + 15

2025-09-28 14:50:42 | ERROR    | gsb_selenium.utils.logger:log_error:87 - [main] Search failed: Message: session not created: cannot connect to chrome at 127.0.0.1:62455
from chrome not reachable; For documentation on this error, please visit: https://www.selenium.dev/documentation/webdriver/troubleshooting/errors#sessionnotcreatedexception
Stacktrace:
0   undetected_chromedriver             0x0000000104a10908 undetected_chromedriver + 6379784
1   undetected_chromedriver             0x0000000104a0800a undetected_chromedriver + 6344714
2   undetected_chromedriver             0x0000000104463c33 undetected_chromedriver + 429107
3   undetected_chromedriver             0x000000010444f7c2 undetected_chromedriver + 346050
4   undetected_chromedriver             0x00000001044a3fa9 undetected_chromedriver + 692137
5   undetected_chromedriver             0x00000001044993ad undetected_chromedriver + 648109
6   undetected_chromedriver             0x00000001044ea4b1 undetected_chromedriver + 980145
7   undetected_chromedriver             0x00000001044e9b46 undetected_chromedriver + 977734
8   undetected_chromedriver             0x00000001044dbea3 undetected_chromedriver + 921251
9   undetected_chromedriver             0x00000001044a839a undetected_chromedriver + 709530
10  undetected_chromedriver             0x00000001044a9061 undetected_chromedriver + 712801
11  undetected_chromedriver             0x00000001049ce7b0 undetected_chromedriver + 6109104
12  undetected_chromedriver             0x00000001049d2635 undetected_chromedriver + 6125109
13  undetected_chromedriver             0x00000001049a9c67 undetected_chromedriver + 5958759
14  undetected_chromedriver             0x00000001049d30af undetected_chromedriver + 6127791
15  undetected_chromedriver             0x0000000104998fe4 undetected_chromedriver + 5890020
16  undetected_chromedriver             0x00000001049f5258 undetected_chromedriver + 6267480
17  undetected_chromedriver             0x00000001049f541c undetected_chromedriver + 6267932
18  undetected_chromedriver             0x0000000104a07be1 undetected_chromedriver + 6343649
19  libsystem_pthread.dylib             0x00007ff800e4b202 _pthread_start + 99
20  libsystem_pthread.dylib             0x00007ff800e46bab thread_start + 15

2025-09-28 14:52:38 | ERROR    | gsb_selenium.utils.logger:log_error:87 - [main] Search failed: Message: session not created: cannot connect to chrome at 127.0.0.1:63604
from chrome not reachable; For documentation on this error, please visit: https://www.selenium.dev/documentation/webdriver/troubleshooting/errors#sessionnotcreatedexception
Stacktrace:
0   undetected_chromedriver             0x0000000103595908 undetected_chromedriver + 6379784
1   undetected_chromedriver             0x000000010358d00a undetected_chromedriver + 6344714
2   undetected_chromedriver             0x0000000102fe8c33 undetected_chromedriver + 429107
3   undetected_chromedriver             0x0000000102fd47c2 undetected_chromedriver + 346050
4   undetected_chromedriver             0x0000000103028fa9 undetected_chromedriver + 692137
5   undetected_chromedriver             0x000000010301e3ad undetected_chromedriver + 648109
6   undetected_chromedriver             0x000000010306f4b1 undetected_chromedriver + 980145
7   undetected_chromedriver             0x000000010306eb46 undetected_chromedriver + 977734
8   undetected_chromedriver             0x0000000103060ea3 undetected_chromedriver + 921251
9   undetected_chromedriver             0x000000010302d39a undetected_chromedriver + 709530
10  undetected_chromedriver             0x000000010302e061 undetected_chromedriver + 712801
11  undetected_chromedriver             0x00000001035537b0 undetected_chromedriver + 6109104
12  undetected_chromedriver             0x0000000103557635 undetected_chromedriver + 6125109
13  undetected_chromedriver             0x000000010352ec67 undetected_chromedriver + 5958759
14  undetected_chromedriver             0x00000001035580af undetected_chromedriver + 6127791
15  undetected_chromedriver             0x000000010351dfe4 undetected_chromedriver + 5890020
16  undetected_chromedriver             0x000000010357a258 undetected_chromedriver + 6267480
17  undetected_chromedriver             0x000000010357a41c undetected_chromedriver + 6267932
18  undetected_chromedriver             0x000000010358cbe1 undetected_chromedriver + 6343649
19  libsystem_pthread.dylib             0x00007ff800e4b202 _pthread_start + 99
20  libsystem_pthread.dylib             0x00007ff800e46bab thread_start + 15

2025-09-28 14:54:39 | ERROR    | gsb_selenium.utils.logger:log_error:87 - [main] Search failed: Message: session not created: cannot connect to chrome at 127.0.0.1:64746
from chrome not reachable; For documentation on this error, please visit: https://www.selenium.dev/documentation/webdriver/troubleshooting/errors#sessionnotcreatedexception
Stacktrace:
0   undetected_chromedriver             0x00000001055a9908 undetected_chromedriver + 6379784
1   undetected_chromedriver             0x00000001055a100a undetected_chromedriver + 6344714
2   undetected_chromedriver             0x0000000104ffcc33 undetected_chromedriver + 429107
3   undetected_chromedriver             0x0000000104fe87c2 undetected_chromedriver + 346050
4   undetected_chromedriver             0x000000010503cfa9 undetected_chromedriver + 692137
5   undetected_chromedriver             0x00000001050323ad undetected_chromedriver + 648109
6   undetected_chromedriver             0x00000001050834b1 undetected_chromedriver + 980145
7   undetected_chromedriver             0x0000000105082b46 undetected_chromedriver + 977734
8   undetected_chromedriver             0x0000000105074ea3 undetected_chromedriver + 921251
9   undetected_chromedriver             0x000000010504139a undetected_chromedriver + 709530
10  undetected_chromedriver             0x0000000105042061 undetected_chromedriver + 712801
11  undetected_chromedriver             0x00000001055677b0 undetected_chromedriver + 6109104
12  undetected_chromedriver             0x000000010556b635 undetected_chromedriver + 6125109
13  undetected_chromedriver             0x0000000105542c67 undetected_chromedriver + 5958759
14  undetected_chromedriver             0x000000010556c0af undetected_chromedriver + 6127791
15  undetected_chromedriver             0x0000000105531fe4 undetected_chromedriver + 5890020
16  undetected_chromedriver             0x000000010558e258 undetected_chromedriver + 6267480
17  undetected_chromedriver             0x000000010558e41c undetected_chromedriver + 6267932
18  undetected_chromedriver             0x00000001055a0be1 undetected_chromedriver + 6343649
19  libsystem_pthread.dylib             0x00007ff800e4b202 _pthread_start + 99
20  libsystem_pthread.dylib             0x00007ff800e46bab thread_start + 15

2025-09-28 15:03:01 | ERROR    | gsb_selenium.utils.logger:log_error:87 - [main] Search failed: Message: session not created: cannot connect to chrome at 127.0.0.1:49669
from chrome not reachable; For documentation on this error, please visit: https://www.selenium.dev/documentation/webdriver/troubleshooting/errors#sessionnotcreatedexception
Stacktrace:
0   undetected_chromedriver             0x0000000104760908 undetected_chromedriver + 6379784
1   undetected_chromedriver             0x000000010475800a undetected_chromedriver + 6344714
2   undetected_chromedriver             0x00000001041b3c33 undetected_chromedriver + 429107
3   undetected_chromedriver             0x000000010419f7c2 undetected_chromedriver + 346050
4   undetected_chromedriver             0x00000001041f3fa9 undetected_chromedriver + 692137
5   undetected_chromedriver             0x00000001041e93ad undetected_chromedriver + 648109
6   undetected_chromedriver             0x000000010423a4b1 undetected_chromedriver + 980145
7   undetected_chromedriver             0x0000000104239b46 undetected_chromedriver + 977734
8   undetected_chromedriver             0x000000010422bea3 undetected_chromedriver + 921251
9   undetected_chromedriver             0x00000001041f839a undetected_chromedriver + 709530
10  undetected_chromedriver             0x00000001041f9061 undetected_chromedriver + 712801
11  undetected_chromedriver             0x000000010471e7b0 undetected_chromedriver + 6109104
12  undetected_chromedriver             0x0000000104722635 undetected_chromedriver + 6125109
13  undetected_chromedriver             0x00000001046f9c67 undetected_chromedriver + 5958759
14  undetected_chromedriver             0x00000001047230af undetected_chromedriver + 6127791
15  undetected_chromedriver             0x00000001046e8fe4 undetected_chromedriver + 5890020
16  undetected_chromedriver             0x0000000104745258 undetected_chromedriver + 6267480
17  undetected_chromedriver             0x000000010474541c undetected_chromedriver + 6267932
18  undetected_chromedriver             0x0000000104757be1 undetected_chromedriver + 6343649
19  libsystem_pthread.dylib             0x00007ff800e4b202 _pthread_start + 99
20  libsystem_pthread.dylib             0x00007ff800e46bab thread_start + 15

2025-09-28 15:05:52 | ERROR    | gsb_selenium.utils.logger:log_error:87 - [main] Search failed: Message: invalid argument: cannot parse capability: goog:chromeOptions
from invalid argument: unrecognized chrome option: excludeSwitches
Stacktrace:
0   undetected_chromedriver             0x0000000104aec908 undetected_chromedriver + 6379784
1   undetected_chromedriver             0x0000000104ae400a undetected_chromedriver + 6344714
2   undetected_chromedriver             0x000000010453fdf0 undetected_chromedriver + 429552
3   undetected_chromedriver             0x000000010456ce4f undetected_chromedriver + 613967
4   undetected_chromedriver             0x000000010456e3e5 undetected_chromedriver + 619493
5   undetected_chromedriver             0x0000000104569496 undetected_chromedriver + 599190
6   undetected_chromedriver             0x00000001045c480c undetected_chromedriver + 972812
7   undetected_chromedriver             0x00000001045c414e undetected_chromedriver + 971086
8   undetected_chromedriver             0x00000001045c5d93 undetected_chromedriver + 978323
9   undetected_chromedriver             0x00000001045c5b46 undetected_chromedriver + 977734
10  undetected_chromedriver             0x00000001045b7ea3 undetected_chromedriver + 921251
11  undetected_chromedriver             0x000000010458439a undetected_chromedriver + 709530
12  undetected_chromedriver             0x0000000104585061 undetected_chromedriver + 712801
13  undetected_chromedriver             0x0000000104aaa7b0 undetected_chromedriver + 6109104
14  undetected_chromedriver             0x0000000104aae635 undetected_chromedriver + 6125109
15  undetected_chromedriver             0x0000000104a85c67 undetected_chromedriver + 5958759
16  undetected_chromedriver             0x0000000104aaf0af undetected_chromedriver + 6127791
17  undetected_chromedriver             0x0000000104a74fe4 undetected_chromedriver + 5890020
18  undetected_chromedriver             0x0000000104ad1258 undetected_chromedriver + 6267480
19  undetected_chromedriver             0x0000000104ad141c undetected_chromedriver + 6267932
20  undetected_chromedriver             0x0000000104ae3be1 undetected_chromedriver + 6343649
21  libsystem_pthread.dylib             0x00007ff800e4b202 _pthread_start + 99
22  libsystem_pthread.dylib             0x00007ff800e46bab thread_start + 15

2025-09-28 15:36:24 | ERROR    | gsb_selenium.utils.logger:log_error:87 - [main] Search failed: Message: session not created: cannot connect to chrome at 127.0.0.1:55355
from chrome not reachable; For documentation on this error, please visit: https://www.selenium.dev/documentation/webdriver/troubleshooting/errors#sessionnotcreatedexception
Stacktrace:
0   undetected_chromedriver             0x000000010292c908 undetected_chromedriver + 6379784
1   undetected_chromedriver             0x000000010292400a undetected_chromedriver + 6344714
2   undetected_chromedriver             0x000000010237fc33 undetected_chromedriver + 429107
3   undetected_chromedriver             0x000000010236b7c2 undetected_chromedriver + 346050
4   undetected_chromedriver             0x00000001023bffa9 undetected_chromedriver + 692137
5   undetected_chromedriver             0x00000001023b53ad undetected_chromedriver + 648109
6   undetected_chromedriver             0x00000001024064b1 undetected_chromedriver + 980145
7   undetected_chromedriver             0x0000000102405b46 undetected_chromedriver + 977734
8   undetected_chromedriver             0x00000001023f7ea3 undetected_chromedriver + 921251
9   undetected_chromedriver             0x00000001023c439a undetected_chromedriver + 709530
10  undetected_chromedriver             0x00000001023c5061 undetected_chromedriver + 712801
11  undetected_chromedriver             0x00000001028ea7b0 undetected_chromedriver + 6109104
12  undetected_chromedriver             0x00000001028ee635 undetected_chromedriver + 6125109
13  undetected_chromedriver             0x00000001028c5c67 undetected_chromedriver + 5958759
14  undetected_chromedriver             0x00000001028ef0af undetected_chromedriver + 6127791
15  undetected_chromedriver             0x00000001028b4fe4 undetected_chromedriver + 5890020
16  undetected_chromedriver             0x0000000102911258 undetected_chromedriver + 6267480
17  undetected_chromedriver             0x000000010291141c undetected_chromedriver + 6267932
18  undetected_chromedriver             0x0000000102923be1 undetected_chromedriver + 6343649
19  libsystem_pthread.dylib             0x00007ff800e4b202 _pthread_start + 99
20  libsystem_pthread.dylib             0x00007ff800e46bab thread_start + 15

2025-09-28 15:43:19 | ERROR    | gsb_selenium.utils.logger:log_error:87 - [main] Search failed: Message: session not created: cannot connect to chrome at 127.0.0.1:56958
from chrome not reachable; For documentation on this error, please visit: https://www.selenium.dev/documentation/webdriver/troubleshooting/errors#sessionnotcreatedexception
Stacktrace:
0   undetected_chromedriver             0x0000000101589908 undetected_chromedriver + 6379784
1   undetected_chromedriver             0x000000010158100a undetected_chromedriver + 6344714
2   undetected_chromedriver             0x0000000100fdcc33 undetected_chromedriver + 429107
3   undetected_chromedriver             0x0000000100fc87c2 undetected_chromedriver + 346050
4   undetected_chromedriver             0x000000010101cfa9 undetected_chromedriver + 692137
5   undetected_chromedriver             0x00000001010123ad undetected_chromedriver + 648109
6   undetected_chromedriver             0x00000001010634b1 undetected_chromedriver + 980145
7   undetected_chromedriver             0x0000000101062b46 undetected_chromedriver + 977734
8   undetected_chromedriver             0x0000000101054ea3 undetected_chromedriver + 921251
9   undetected_chromedriver             0x000000010102139a undetected_chromedriver + 709530
10  undetected_chromedriver             0x0000000101022061 undetected_chromedriver + 712801
11  undetected_chromedriver             0x00000001015477b0 undetected_chromedriver + 6109104
12  undetected_chromedriver             0x000000010154b635 undetected_chromedriver + 6125109
13  undetected_chromedriver             0x0000000101522c67 undetected_chromedriver + 5958759
14  undetected_chromedriver             0x000000010154c0af undetected_chromedriver + 6127791
15  undetected_chromedriver             0x0000000101511fe4 undetected_chromedriver + 5890020
16  undetected_chromedriver             0x000000010156e258 undetected_chromedriver + 6267480
17  undetected_chromedriver             0x000000010156e41c undetected_chromedriver + 6267932
18  undetected_chromedriver             0x0000000101580be1 undetected_chromedriver + 6343649
19  libsystem_pthread.dylib             0x00007ff800e4b202 _pthread_start + 99
20  libsystem_pthread.dylib             0x00007ff800e46bab thread_start + 15

2025-09-28 20:40:18 | ERROR    | gsb_selenium.utils.logger:log_error:87 - [main] Search failed: Message: session not created: cannot connect to chrome at 127.0.0.1:62523
from chrome not reachable; For documentation on this error, please visit: https://www.selenium.dev/documentation/webdriver/troubleshooting/errors#sessionnotcreatedexception
Stacktrace:
0   undetected_chromedriver             0x0000000102b1e908 undetected_chromedriver + 6379784
1   undetected_chromedriver             0x0000000102b1600a undetected_chromedriver + 6344714
2   undetected_chromedriver             0x0000000102571c33 undetected_chromedriver + 429107
3   undetected_chromedriver             0x000000010255d7c2 undetected_chromedriver + 346050
4   undetected_chromedriver             0x00000001025b1fa9 undetected_chromedriver + 692137
5   undetected_chromedriver             0x00000001025a73ad undetected_chromedriver + 648109
6   undetected_chromedriver             0x00000001025f84b1 undetected_chromedriver + 980145
7   undetected_chromedriver             0x00000001025f7b46 undetected_chromedriver + 977734
8   undetected_chromedriver             0x00000001025e9ea3 undetected_chromedriver + 921251
9   undetected_chromedriver             0x00000001025b639a undetected_chromedriver + 709530
10  undetected_chromedriver             0x00000001025b7061 undetected_chromedriver + 712801
11  undetected_chromedriver             0x0000000102adc7b0 undetected_chromedriver + 6109104
12  undetected_chromedriver             0x0000000102ae0635 undetected_chromedriver + 6125109
13  undetected_chromedriver             0x0000000102ab7c67 undetected_chromedriver + 5958759
14  undetected_chromedriver             0x0000000102ae10af undetected_chromedriver + 6127791
15  undetected_chromedriver             0x0000000102aa6fe4 undetected_chromedriver + 5890020
16  undetected_chromedriver             0x0000000102b03258 undetected_chromedriver + 6267480
17  undetected_chromedriver             0x0000000102b0341c undetected_chromedriver + 6267932
18  undetected_chromedriver             0x0000000102b15be1 undetected_chromedriver + 6343649
19  libsystem_pthread.dylib             0x00007ff800e4b202 _pthread_start + 99
20  libsystem_pthread.dylib             0x00007ff800e46bab thread_start + 15

2025-09-28 20:49:27 | ERROR    | gsb_selenium.utils.logger:log_error:87 - [main] Error performing search: Message: unknown error: net::ERR_TUNNEL_CONNECTION_FAILED
  (Session info: chrome=140.0.7339.213)
Stacktrace:
0   undetected_chromedriver             0x0000000100f11908 undetected_chromedriver + 6379784
1   undetected_chromedriver             0x0000000100f0900a undetected_chromedriver + 6344714
2   undetected_chromedriver             0x0000000100964df0 undetected_chromedriver + 429552
3   undetected_chromedriver             0x000000010095bd4f undetected_chromedriver + 392527
4   undetected_chromedriver             0x000000010094d038 undetected_chromedriver + 331832
5   undetected_chromedriver             0x000000010094ed50 undetected_chromedriver + 339280
6   undetected_chromedriver             0x000000010094d3bb undetected_chromedriver + 332731
7   undetected_chromedriver             0x000000010094cdd0 undetected_chromedriver + 331216
8   undetected_chromedriver             0x000000010094cadb undetected_chromedriver + 330459
9   undetected_chromedriver             0x000000010094a994 undetected_chromedriver + 321940
10  undetected_chromedriver             0x000000010094b15a undetected_chromedriver + 323930
11  undetected_chromedriver             0x0000000100968369 undetected_chromedriver + 443241
12  undetected_chromedriver             0x0000000100a05195 undetected_chromedriver + 1085845
13  undetected_chromedriver             0x00000001009dd0d2 undetected_chromedriver + 921810
14  undetected_chromedriver             0x0000000100a0455e undetected_chromedriver + 1082718
15  undetected_chromedriver             0x00000001009dcea3 undetected_chromedriver + 921251
16  undetected_chromedriver             0x00000001009a939a undetected_chromedriver + 709530
17  undetected_chromedriver             0x00000001009aa061 undetected_chromedriver + 712801
18  undetected_chromedriver             0x0000000100ecf7b0 undetected_chromedriver + 6109104
19  undetected_chromedriver             0x0000000100ed3635 undetected_chromedriver + 6125109
20  undetected_chromedriver             0x0000000100eaac67 undetected_chromedriver + 5958759
21  undetected_chromedriver             0x0000000100ed40af undetected_chromedriver + 6127791
22  undetected_chromedriver             0x0000000100e99fe4 undetected_chromedriver + 5890020
23  undetected_chromedriver             0x0000000100ef6258 undetected_chromedriver + 6267480
24  undetected_chromedriver             0x0000000100ef641c undetected_chromedriver + 6267932
25  undetected_chromedriver             0x0000000100f08be1 undetected_chromedriver + 6343649
26  libsystem_pthread.dylib             0x00007ff800e4b202 _pthread_start + 99
27  libsystem_pthread.dylib             0x00007ff800e46bab thread_start + 15

2025-09-28 20:52:04 | ERROR    | gsb_selenium.utils.logger:log_error:87 - [main] Search failed: StealthDriver._create_chrome_options() missing 1 required positional argument: 'profile_path'
2025-09-28 21:13:16 | ERROR    | gsb_selenium.utils.logger:log_error:87 - [main] Search failed: 'NoneType' object has no attribute 'create_random_profile'
2025-09-28 21:24:37 | ERROR    | gsb_selenium.utils.logger:log_error:87 - [main] Search failed: Message: session not created: cannot connect to chrome at 127.0.0.1:51592
from chrome not reachable; For documentation on this error, please visit: https://www.selenium.dev/documentation/webdriver/troubleshooting/errors#sessionnotcreatedexception
Stacktrace:
0   undetected_chromedriver             0x0000000102acc908 undetected_chromedriver + 6379784
1   undetected_chromedriver             0x0000000102ac400a undetected_chromedriver + 6344714
2   undetected_chromedriver             0x000000010251fc33 undetected_chromedriver + 429107
3   undetected_chromedriver             0x000000010250b7c2 undetected_chromedriver + 346050
4   undetected_chromedriver             0x000000010255ffa9 undetected_chromedriver + 692137
5   undetected_chromedriver             0x00000001025553ad undetected_chromedriver + 648109
6   undetected_chromedriver             0x00000001025a64b1 undetected_chromedriver + 980145
7   undetected_chromedriver             0x00000001025a5b46 undetected_chromedriver + 977734
8   undetected_chromedriver             0x0000000102597ea3 undetected_chromedriver + 921251
9   undetected_chromedriver             0x000000010256439a undetected_chromedriver + 709530
10  undetected_chromedriver             0x0000000102565061 undetected_chromedriver + 712801
11  undetected_chromedriver             0x0000000102a8a7b0 undetected_chromedriver + 6109104
12  undetected_chromedriver             0x0000000102a8e635 undetected_chromedriver + 6125109
13  undetected_chromedriver             0x0000000102a65c67 undetected_chromedriver + 5958759
14  undetected_chromedriver             0x0000000102a8f0af undetected_chromedriver + 6127791
15  undetected_chromedriver             0x0000000102a54fe4 undetected_chromedriver + 5890020
16  undetected_chromedriver             0x0000000102ab1258 undetected_chromedriver + 6267480
17  undetected_chromedriver             0x0000000102ab141c undetected_chromedriver + 6267932
18  undetected_chromedriver             0x0000000102ac3be1 undetected_chromedriver + 6343649
19  libsystem_pthread.dylib             0x00007ff800e4b202 _pthread_start + 99
20  libsystem_pthread.dylib             0x00007ff800e46bab thread_start + 15

2025-09-28 21:33:01 | ERROR    | gsb_selenium.utils.logger:log_error:87 - [main] Error performing search: Message: invalid session id: session deleted as the browser has closed the connection
from disconnected: Unable to receive message from renderer
  (Session info: chrome=140.0.7339.213); For documentation on this error, please visit: https://www.selenium.dev/documentation/webdriver/troubleshooting/errors#invalidsessionidexception
Stacktrace:
0   undetected_chromedriver             0x000000010145b908 undetected_chromedriver + 6379784
1   undetected_chromedriver             0x000000010145300a undetected_chromedriver + 6344714
2   undetected_chromedriver             0x0000000100eaedf0 undetected_chromedriver + 429552
3   undetected_chromedriver             0x0000000100e96da2 undetected_chromedriver + 331170
4   undetected_chromedriver             0x0000000100e96adb undetected_chromedriver + 330459
5   undetected_chromedriver             0x0000000100e95a60 undetected_chromedriver + 326240
6   undetected_chromedriver             0x0000000100ebcd3e undetected_chromedriver + 486718
7   undetected_chromedriver             0x0000000100f4e8a1 undetected_chromedriver + 1083553
8   undetected_chromedriver             0x0000000100f26ea3 undetected_chromedriver + 921251
9   undetected_chromedriver             0x0000000100ef339a undetected_chromedriver + 709530
10  undetected_chromedriver             0x0000000100ef4061 undetected_chromedriver + 712801
11  undetected_chromedriver             0x00000001014197b0 undetected_chromedriver + 6109104
12  undetected_chromedriver             0x000000010141d635 undetected_chromedriver + 6125109
13  undetected_chromedriver             0x00000001013f4c67 undetected_chromedriver + 5958759
14  undetected_chromedriver             0x000000010141e0af undetected_chromedriver + 6127791
15  undetected_chromedriver             0x00000001013e3fe4 undetected_chromedriver + 5890020
16  undetected_chromedriver             0x0000000101440258 undetected_chromedriver + 6267480
17  undetected_chromedriver             0x000000010144041c undetected_chromedriver + 6267932
18  undetected_chromedriver             0x0000000101452be1 undetected_chromedriver + 6343649
19  libsystem_pthread.dylib             0x00007ff800e4b202 _pthread_start + 99
20  libsystem_pthread.dylib             0x00007ff800e46bab thread_start + 15

