2025-10-15 19:12:06 | INFO     | gsb_selenium.core.gsb:__init__:57 - GSB-Selenium instance main initialized
2025-10-15 19:12:06 | INFO     | gsb_selenium.utils.logger:log_proxy_info:81 - [main] Using proxy: https://***:***@customer-nivos_qR24w-cc-us-sessid-606243796-sesstime-10:Niv220niv220_@pr.oxylabs.io:7777
2025-10-15 19:12:06 | INFO     | gsb_selenium.core.gsb:run_search_session:69 - Starting search session with 1 searches
2025-10-15 19:12:06 | DEBUG    | gsb_selenium.utils.search_manager:get_next_search_term:87 - Selected search term: 'top marketing analytics services test'
2025-10-15 19:12:06 | INFO     | gsb_selenium.utils.logger:start_run:95 - Starting run run_20251015_191206 - Search: 'top marketing analytics services test', Target: 'quizlet.com'
2025-10-15 19:12:06 | INFO     | gsb_selenium.utils.logger:log_search_start:57 - [main] Starting search for: 'top marketing analytics services test'
2025-10-15 19:13:09 | ERROR    | gsb_selenium.utils.logger:log_error:87 - [main] Search failed: Message: session not created: cannot connect to chrome at 127.0.0.1:49163
from chrome not reachable; For documentation on this error, please visit: https://www.selenium.dev/documentation/webdriver/troubleshooting/errors#sessionnotcreatedexception
Stacktrace:
0   undetected_chromedriver             0x00000001033252e8 undetected_chromedriver + 6107880
1   undetected_chromedriver             0x000000010331c9ea undetected_chromedriver + 6072810
2   undetected_chromedriver             0x0000000102dbaf8e undetected_chromedriver + 429966
3   undetected_chromedriver             0x0000000102da6972 undetected_chromedriver + 346482
4   undetected_chromedriver             0x0000000102dfb769 undetected_chromedriver + 694121
5   undetected_chromedriver             0x0000000102df0b4d undetected_chromedriver + 650061
6   undetected_chromedriver             0x0000000102e4228e undetected_chromedriver + 983694
7   undetected_chromedriver             0x0000000102e41906 undetected_chromedriver + 981254
8   undetected_chromedriver             0x0000000102e33b03 undetected_chromedriver + 924419
9   undetected_chromedriver             0x0000000102dff397 undetected_chromedriver + 709527
10  undetected_chromedriver             0x0000000102e00801 undetected_chromedriver + 714753
11  undetected_chromedriver             0x00000001032e1e60 undetected_chromedriver + 5832288
12  undetected_chromedriver             0x00000001032e60c5 undetected_chromedriver + 5849285
13  undetected_chromedriver             0x00000001032bd477 undetected_chromedriver + 5682295
14  undetected_chromedriver             0x00000001032e6b5f undetected_chromedriver + 5851999
15  undetected_chromedriver             0x00000001032ac904 undetected_chromedriver + 5613828
16  undetected_chromedriver             0x0000000103309b58 undetected_chromedriver + 5995352
17  undetected_chromedriver             0x0000000103309d1d undetected_chromedriver + 5995805
18  undetected_chromedriver             0x000000010331c5c1 undetected_chromedriver + 6071745
19  libsystem_pthread.dylib             0x00007ff800e4b202 _pthread_start + 99
20  libsystem_pthread.dylib             0x00007ff800e46bab thread_start + 15

2025-10-15 19:13:09 | INFO     | gsb_selenium.utils.logger:end_run:102 - Run run_20251015_191206 completed in 62.76s - FAILED
2025-10-15 19:13:09 | INFO     | gsb_selenium.cli:run:64 - GSB-Selenium instance 'main' completed successfully
2025-10-15 19:13:23 | INFO     | gsb_selenium.core.gsb:__init__:57 - GSB-Selenium instance main initialized
2025-10-15 19:13:23 | INFO     | gsb_selenium.utils.logger:log_proxy_info:81 - [main] Using proxy: https://***:***@customer-nivos_qR24w-cc-us-sessid-606186740-sesstime-10:Niv220niv220_@pr.oxylabs.io:7777
2025-10-15 19:13:23 | INFO     | gsb_selenium.core.gsb:run_search_session:69 - Starting search session with 1 searches
2025-10-15 19:13:23 | DEBUG    | gsb_selenium.utils.search_manager:get_next_search_term:87 - Selected search term: 'marketing analytics company test'
2025-10-15 19:13:23 | INFO     | gsb_selenium.utils.logger:start_run:95 - Starting run run_20251015_191323 - Search: 'marketing analytics company test', Target: 'quizlet.com'
2025-10-15 19:13:23 | INFO     | gsb_selenium.utils.logger:log_search_start:57 - [main] Starting search for: 'marketing analytics company test'
2025-10-15 19:13:46 | INFO     | gsb_selenium.cli:run:67 - Search session interrupted by user
2025-10-15 19:13:52 | INFO     | gsb_selenium.core.gsb:__init__:57 - GSB-Selenium instance main initialized
2025-10-15 19:13:52 | INFO     | gsb_selenium.utils.logger:log_proxy_info:81 - [main] Using proxy: https://***:***@customer-nivos_qR24w-cc-us-sessid-606166035-sesstime-10:Niv220niv220_@pr.oxylabs.io:7777
2025-10-15 19:13:52 | INFO     | gsb_selenium.core.gsb:run_search_session:69 - Starting search session with 1 searches
2025-10-15 19:13:52 | DEBUG    | gsb_selenium.utils.search_manager:get_next_search_term:87 - Selected search term: 'best ppc advertising services test'
2025-10-15 19:13:52 | INFO     | gsb_selenium.utils.logger:start_run:95 - Starting run run_20251015_191352 - Search: 'best ppc advertising services test', Target: 'quizlet.com'
2025-10-15 19:13:52 | INFO     | gsb_selenium.utils.logger:log_search_start:57 - [main] Starting search for: 'best ppc advertising services test'
2025-10-15 19:14:26 | INFO     | gsb_selenium.cli:run:67 - Search session interrupted by user
2025-10-15 19:14:32 | INFO     | gsb_selenium.core.gsb:__init__:57 - GSB-Selenium instance main initialized
2025-10-15 19:14:32 | INFO     | gsb_selenium.utils.logger:log_proxy_info:81 - [main] Using proxy: https://***:***@customer-nivos_qR24w-cc-us-sessid-606231962-sesstime-10:Niv220niv220_@pr.oxylabs.io:7777
2025-10-15 19:14:32 | INFO     | gsb_selenium.core.gsb:run_search_session:69 - Starting search session with 1 searches
2025-10-15 19:14:32 | DEBUG    | gsb_selenium.utils.search_manager:get_next_search_term:87 - Selected search term: 'customer acquisition services test'
2025-10-15 19:14:32 | INFO     | gsb_selenium.utils.logger:start_run:95 - Starting run run_20251015_191432 - Search: 'customer acquisition services test', Target: 'quizlet.com'
2025-10-15 19:14:32 | INFO     | gsb_selenium.utils.logger:log_search_start:57 - [main] Starting search for: 'customer acquisition services test'
2025-10-15 19:14:57 | INFO     | gsb_selenium.cli:run:67 - Search session interrupted by user
2025-10-15 19:15:06 | INFO     | gsb_selenium.core.gsb:__init__:57 - GSB-Selenium instance main initialized
2025-10-15 19:15:06 | INFO     | gsb_selenium.utils.logger:log_proxy_info:81 - [main] Using proxy: https://***:***@customer-nivos_qR24w-cc-us-sessid-606230841-sesstime-10:Niv220niv220_@pr.oxylabs.io:7777
2025-10-15 19:15:06 | INFO     | gsb_selenium.core.gsb:run_search_session:69 - Starting search session with 1 searches
2025-10-15 19:15:06 | DEBUG    | gsb_selenium.utils.search_manager:get_next_search_term:87 - Selected search term: 'top content marketing strategy services test'
2025-10-15 19:15:06 | INFO     | gsb_selenium.utils.logger:start_run:95 - Starting run run_20251015_191506 - Search: 'top content marketing strategy services test', Target: 'quizlet.com'
2025-10-15 19:15:06 | INFO     | gsb_selenium.utils.logger:log_search_start:57 - [main] Starting search for: 'top content marketing strategy services test'
2025-10-15 19:15:13 | INFO     | gsb_selenium.utils.stealth_driver:create_driver:50 - Chrome driver created: <seleniumwire.undetected_chromedriver.webdriver.Chrome (session="b02f352e8e9857ef3af6d251b48d4123")>
2025-10-15 19:15:13 | INFO     | gsb_selenium.utils.stealth_driver:create_driver:58 - StealthDriver created for instance main
2025-10-15 19:15:16 | INFO     | gsb_selenium.core.gsb:_perform_search:134 - Navigating to Google
2025-10-15 19:19:43 | INFO     | gsb_selenium.cli:run:67 - Search session interrupted by user
