2025-09-29 18:09:08 | ERROR    | gsb_selenium.utils.logger:log_error:87 - [main] Search failed: Message: session not created: cannot connect to chrome at 127.0.0.1:50608
from chrome not reachable; For documentation on this error, please visit: https://www.selenium.dev/documentation/webdriver/troubleshooting/errors#sessionnotcreatedexception
Stacktrace:
0   undetected_chromedriver             0x00000001029d2908 undetected_chromedriver + 6379784
1   undetected_chromedriver             0x00000001029ca00a undetected_chromedriver + 6344714
2   undetected_chromedriver             0x0000000102425c33 undetected_chromedriver + 429107
3   undetected_chromedriver             0x00000001024117c2 undetected_chromedriver + 346050
4   undetected_chromedriver             0x0000000102465fa9 undetected_chromedriver + 692137
5   undetected_chromedriver             0x000000010245b3ad undetected_chromedriver + 648109
6   undetected_chromedriver             0x00000001024ac4b1 undetected_chromedriver + 980145
7   undetected_chromedriver             0x00000001024abb46 undetected_chromedriver + 977734
8   undetected_chromedriver             0x000000010249dea3 undetected_chromedriver + 921251
9   undetected_chromedriver             0x000000010246a39a undetected_chromedriver + 709530
10  undetected_chromedriver             0x000000010246b061 undetected_chromedriver + 712801
11  undetected_chromedriver             0x00000001029907b0 undetected_chromedriver + 6109104
12  undetected_chromedriver             0x0000000102994635 undetected_chromedriver + 6125109
13  undetected_chromedriver             0x000000010296bc67 undetected_chromedriver + 5958759
14  undetected_chromedriver             0x00000001029950af undetected_chromedriver + 6127791
15  undetected_chromedriver             0x000000010295afe4 undetected_chromedriver + 5890020
16  undetected_chromedriver             0x00000001029b7258 undetected_chromedriver + 6267480
17  undetected_chromedriver             0x00000001029b741c undetected_chromedriver + 6267932
18  undetected_chromedriver             0x00000001029c9be1 undetected_chromedriver + 6343649
19  libsystem_pthread.dylib             0x00007ff800e4b202 _pthread_start + 99
20  libsystem_pthread.dylib             0x00007ff800e46bab thread_start + 15

2025-09-29 18:28:48 | ERROR    | gsb_selenium.utils.logger:log_error:87 - [main] Search failed: Message: session not created: cannot connect to chrome at 127.0.0.1:54377
from chrome not reachable; For documentation on this error, please visit: https://www.selenium.dev/documentation/webdriver/troubleshooting/errors#sessionnotcreatedexception
Stacktrace:
0   undetected_chromedriver             0x000000010150c908 undetected_chromedriver + 6379784
1   undetected_chromedriver             0x000000010150400a undetected_chromedriver + 6344714
2   undetected_chromedriver             0x0000000100f5fc33 undetected_chromedriver + 429107
3   undetected_chromedriver             0x0000000100f4b7c2 undetected_chromedriver + 346050
4   undetected_chromedriver             0x0000000100f9ffa9 undetected_chromedriver + 692137
5   undetected_chromedriver             0x0000000100f953ad undetected_chromedriver + 648109
6   undetected_chromedriver             0x0000000100fe64b1 undetected_chromedriver + 980145
7   undetected_chromedriver             0x0000000100fe5b46 undetected_chromedriver + 977734
8   undetected_chromedriver             0x0000000100fd7ea3 undetected_chromedriver + 921251
9   undetected_chromedriver             0x0000000100fa439a undetected_chromedriver + 709530
10  undetected_chromedriver             0x0000000100fa5061 undetected_chromedriver + 712801
11  undetected_chromedriver             0x00000001014ca7b0 undetected_chromedriver + 6109104
12  undetected_chromedriver             0x00000001014ce635 undetected_chromedriver + 6125109
13  undetected_chromedriver             0x00000001014a5c67 undetected_chromedriver + 5958759
14  undetected_chromedriver             0x00000001014cf0af undetected_chromedriver + 6127791
15  undetected_chromedriver             0x0000000101494fe4 undetected_chromedriver + 5890020
16  undetected_chromedriver             0x00000001014f1258 undetected_chromedriver + 6267480
17  undetected_chromedriver             0x00000001014f141c undetected_chromedriver + 6267932
18  undetected_chromedriver             0x0000000101503be1 undetected_chromedriver + 6343649
19  libsystem_pthread.dylib             0x00007ff800e4b202 _pthread_start + 99
20  libsystem_pthread.dylib             0x00007ff800e46bab thread_start + 15

